 k =           10
 Vector A:
   0.3862540087395701     
   0.3888774883968864     
   0.7180988255310297     
   0.7133981634704583     
   0.9596543624918610     
   0.8584374691262582     
   0.7372226461739046     
   0.6535574255432550     
   0.7228490989337786     
   0.8269814711201207     
 Vector B:
   0.6597128542895661     
   0.3604909843261339     
   0.6184539884393416     
   0.8286452371699795     
   0.1041549213739472     
   0.8160947517198025     
   0.1672686168305546     
   2.5233390563158764E-002
   0.1234766549134747     
   4.2434913940141428E-002
 Vector C = A + B:
    0.000000000000000     
    0.000000000000000     
    0.000000000000000     
    0.000000000000000     
    0.000000000000000     
    0.000000000000000     
    0.000000000000000     
    0.000000000000000     
    0.000000000000000     
    0.000000000000000     
 Time (s):    1.2730000E-03
 GFLOPS:    7.8554593544555658E-006
