 k =          10
 Vector A:
  0.99663823552079622     
   8.0915736721522857E-002
  0.14625527110089798     
  0.26256999677660264     
  0.84381023045294834     
  0.30996288422422824     
  0.37644533339824349     
  0.78318604603797470     
  0.16399473802224607     
  0.86949083737352106     
 Vector B:
  0.44086368170822132     
  0.17788260422629831     
  0.22665010690682053     
  0.65559729273133038     
  0.35235533018398024     
  0.56225430741530069     
  0.58135777940277733     
  0.55096839080088444     
  0.66078460057253452     
  0.82179358457667595     
 Vector C = A + B:
   1.4375019172290175     
  0.25879834094782117     
  0.37290537800771850     
  0.91816728950793303     
   1.1961655606369286     
  0.87221719163952893     
  0.95780311280102082     
   1.3341544368388591     
  0.82477933859478059     
   1.6912844219501970     
 Time (s):    2.0000000000000486E-006
 GFLOPS:    4.9999999999998787E-003
