 k =          10
 l =           4
 Matrix A:
   7.3498603036096455E-002  0.92520054392791962        4.0772084990254864E-002  0.78938182107537036     
  0.87457062965854371       0.26003564085414632       0.32751253294176974       0.81715209251033516     
  0.55602189641923438       0.41917466705370698       0.88041590795672087       0.50086423891247012     
  0.25950454283508451       0.65918600685760265       0.65981078759110923       0.34696998369593579     
  0.17911124626024388       0.32571202184029213       0.22485529870102727       0.17113753247119046     
  0.72681540831540936        9.0799486674932206E-002  0.15704960474709129        9.8367033429849982E-002
  0.31348806136671858       0.37023558135100398        7.6772071449512258E-002  0.90245308013177239     
  0.23087595808586725       0.96502092306190435       0.25896742758089553        6.4871830910586237E-002
  0.25842890815227537       0.27902951077973825       0.38000269479234527        9.5032600615802210E-002
  0.88428360663901606       0.65238945780569058        8.4677293733837589E-002  0.98309999455548192     
 Matrix B:
  0.24075306744754954       0.67545689517853746       0.42842543943215705       0.52774980915808223     
  0.16542893801226910       0.27767425957561676       0.45307222170971484       0.30954856086408711     
  0.38225677977822703       0.10485600090754077       0.60665742449138127       0.41754288730882994     
  0.13506103917450107       0.70877800879506581       0.92699902894701269       0.31368989662870650     
  0.36259346579516460       0.76084010215357079       0.93085841047358153       0.16213764962083810     
  0.71556999789853282       0.17838431068718541        2.6187329681653271E-002  0.43751501147948912     
  0.48044494254059322       0.86336427535841720       0.13413425396381484       0.97130839276759517     
  0.35110901297252939       0.69701623259727852       0.30601411185097982       0.76994876287547354     
  0.32424130980116406       0.69321284107569692        5.3120971151833229E-003  0.85688739655939405     
  0.12370632300394135       0.89141073285290728       0.53585701062930491       0.56627641376276139     
 Matrix C = A + B:
  0.31425167048364600        1.6006574391064570       0.46919752442241192        1.3171316302334526     
   1.0399995676708129       0.53770990042976308       0.78058475465148458        1.1267006533744222     
  0.93827867619746141       0.52403066796124775        1.4870733324481020       0.91840712622130005     
  0.39456558200958558        1.3679640156526685        1.5868098165381219       0.66065988032464229     
  0.54170471205540849        1.0865521239938629        1.1557137091746088       0.33327518209202855     
   1.4423854062139423       0.26918379736211762       0.18323693442874456       0.53588204490933911     
  0.79393300390731181        1.2335998567094211       0.21090632541332710        1.8737614728993677     
  0.58198497105839664        1.6620371556591829       0.56498153943187535       0.83482059378605977     
  0.58267021795343943       0.97224235185543517       0.38531479190752860       0.95191999717519626     
   1.0079899296429575        1.5438001906585979       0.62053430436314250        1.5493764083182433     
 Time (s):    2.9999999999999645E-006
 GFLOPS:    1.3333333333333490E-002
