 l =          10
 Vector A:
  0.99052091384691132     
  0.50017353575446932     
  0.62451405167980900     
  0.53238169067560448     
  0.81916032541692585     
  0.14712234356855192     
  0.41981600668730179     
   1.7625139938183709E-002
  0.39340279145258816     
  0.22486852780790267     
 Vector B:
  0.14819425545979548     
  0.84698608629273986     
  0.86865666025275212     
  0.95069507179332291     
   7.3014139376825882E-002
  0.43026368411140048     
  0.38851542018082574     
  0.49232876049962249     
  0.58921963516067544     
  0.93694426606192938     
 Vector C = A + B:
   1.1387151693067068     
   1.3471596220472093     
   1.4931707119325610     
   1.4830767624689274     
  0.89217446479375173     
  0.57738602767995240     
  0.80833142686812753     
  0.50995390043780620     
  0.98262242661326360     
   1.1618127938698319     
 Time (s):    2.0000000000000486E-006
 GFLOPS:    4.9999999999998787E-003
