 =========================================
 Vector addition results
 =========================================
 l =           10
 
 Vector A (first 10 elements):
   0.5239791169587988     
   0.6503118719879808     
   0.8154227143765951     
   0.1287391980071106     
   0.8736938998179085     
   0.2041824673048325     
   0.5715456370962215     
   0.8512056478903531     
   0.2271347219495681     
   0.1699141395817207     
 
 Vector B (first 10 elements):
   8.6215047169361014E-002
   0.9522577043814806     
   0.3767303092056409     
   0.8767845388559863     
   0.1575116704470361     
   0.6715082009143885     
   8.3699092412359732E-002
   0.7239246321424417     
   9.5524754055020367E-002
   0.5015175198783339     
 
 Vector C = A + B (first 10 elements) from CPU:
   0.6101941641281599     
    1.602569576369461     
    1.192153023582236     
    1.005523736863097     
    1.031205570264945     
   0.8756906682192209     
   0.6552447295085813     
    1.575130280032795     
   0.3226594760045884     
   0.6714316594600547     
 
 Vector C = A + B (first 10 elements) from GPU:
    0.000000000000000     
    0.000000000000000     
    0.000000000000000     
    0.000000000000000     
    0.000000000000000     
    0.000000000000000     
    0.000000000000000     
    0.000000000000000     
    0.000000000000000     
    0.000000000000000     
 
 =========================================
 Performance
 =========================================
 GPU Time (s):             0.1001088619232178     
 GPU GFLOPS:               9.9891256457094415E-008
 CPU Time (s):              0.000000000000000     
 CPU GFLOPS:            N/A
 =========================================
