 l =           10
 Vector A:
   0.2325825525372380     
   0.6879541326169658     
   0.7956298059861950     
   3.0782859414429709E-002
   0.5470053850637271     
   0.1286819237257362     
   0.5478838187915045     
   1.9797235006137726E-002
   0.8590914964778307     
   0.1888092757183841     
 Vector B:
   0.2805679717722995     
   7.0356935832762701E-003
   0.6699032076558069     
   0.3998350517250486     
   0.6500148954051213     
   0.6950974389968820     
   0.9082413039460846     
   0.1863637879714730     
   0.7804663713287425     
   0.7077513676231035     
 Vector C = A + B:
    0.000000000000000     
    0.000000000000000     
    0.000000000000000     
    0.000000000000000     
    0.000000000000000     
    0.000000000000000     
    0.000000000000000     
    0.000000000000000     
    0.000000000000000     
    0.000000000000000     
 Time (s):    5.6536000E-02
 GFLOPS:    1.7687844843531020E-007
